<?xml version="1.0" encoding="UTF-8"?>
<testng-results ignored="0" total="1" passed="1" failed="0" skipped="0">
  <reporter-output>
  </reporter-output>
  <suite started-at="2022-07-03T15:08:22 EDT" name="Suite" finished-at="2022-07-03T15:08:29 EDT" duration-ms="6627">
    <groups>
    </groups>
    <test started-at="2022-07-03T15:08:22 EDT" name="Test" finished-at="2022-07-03T15:08:29 EDT" duration-ms="6627">
      <class name="testngAnnotations.TestNGAnnotations">
        <test-method is-config="true" signature="setUpEnvironment()[pri:0, instance:testngAnnotations.TestNGAnnotations@e15b7e8]" started-at="2022-07-03T15:08:22 EDT" name="setUpEnvironment" finished-at="2022-07-03T15:08:22 EDT" duration-ms="22" status="PASS">
          <reporter-output>
          </reporter-output>
        </test-method> <!-- setUpEnvironment -->
        <test-method is-config="true" signature="launchbrowser()[pri:0, instance:testngAnnotations.TestNGAnnotations@e15b7e8]" started-at="2022-07-03T15:08:22 EDT" name="launchbrowser" finished-at="2022-07-03T15:08:26 EDT" duration-ms="4359" status="PASS">
          <reporter-output>
          </reporter-output>
        </test-method> <!-- launchbrowser -->
        <test-method is-config="true" signature="readybrowser()[pri:0, instance:testngAnnotations.TestNGAnnotations@e15b7e8]" started-at="2022-07-03T15:08:26 EDT" name="readybrowser" finished-at="2022-07-03T15:08:26 EDT" duration-ms="0" status="PASS">
          <reporter-output>
          </reporter-output>
        </test-method> <!-- readybrowser -->
        <test-method is-config="true" signature="url()[pri:0, instance:testngAnnotations.TestNGAnnotations@e15b7e8]" started-at="2022-07-03T15:08:26 EDT" name="url" finished-at="2022-07-03T15:08:27 EDT" duration-ms="577" status="PASS">
          <reporter-output>
          </reporter-output>
        </test-method> <!-- url -->
        <test-method signature="login()[pri:0, instance:testngAnnotations.TestNGAnnotations@e15b7e8]" started-at="2022-07-03T15:08:27 EDT" name="login" finished-at="2022-07-03T15:08:28 EDT" duration-ms="638" status="PASS">
          <reporter-output>
          </reporter-output>
        </test-method> <!-- login -->
        <test-method is-config="true" signature="logout()[pri:0, instance:testngAnnotations.TestNGAnnotations@e15b7e8]" started-at="2022-07-03T15:08:28 EDT" name="logout" finished-at="2022-07-03T15:08:28 EDT" duration-ms="504" status="PASS">
          <reporter-output>
          </reporter-output>
        </test-method> <!-- logout -->
        <test-method is-config="true" signature="deleteAllCookies()[pri:0, instance:testngAnnotations.TestNGAnnotations@e15b7e8]" started-at="2022-07-03T15:08:28 EDT" name="deleteAllCookies" finished-at="2022-07-03T15:08:28 EDT" duration-ms="27" status="PASS">
          <reporter-output>
          </reporter-output>
        </test-method> <!-- deleteAllCookies -->
        <test-method is-config="true" signature="closeBrowser()[pri:0, instance:testngAnnotations.TestNGAnnotations@e15b7e8]" started-at="2022-07-03T15:08:28 EDT" name="closeBrowser" finished-at="2022-07-03T15:08:29 EDT" duration-ms="454" status="PASS">
          <reporter-output>
          </reporter-output>
        </test-method> <!-- closeBrowser -->
        <test-method is-config="true" signature="done()[pri:0, instance:testngAnnotations.TestNGAnnotations@e15b7e8]" started-at="2022-07-03T15:08:29 EDT" name="done" finished-at="2022-07-03T15:08:29 EDT" duration-ms="1" status="PASS">
          <reporter-output>
          </reporter-output>
        </test-method> <!-- done -->
      </class> <!-- testngAnnotations.TestNGAnnotations -->
    </test> <!-- Test -->
  </suite> <!-- Suite -->
</testng-results>
